<?xml version="1.0" encoding="UTF-8"?>
<testng-results ignored="0" total="13" passed="13" failed="0" skipped="0">
  <reporter-output>
  </reporter-output>
  <suite started-at="2021-10-10T19:25:01 MYT" name="Surefire suite" finished-at="2021-10-10T19:26:13 MYT" duration-ms="72278">
    <groups>
      <group name="cucumber">
        <method signature="AbstractTestNGCucumberTests.runScenario(io.cucumber.testng.PickleWrapper, io.cucumber.testng.FeatureWrapper)[pri:0, instance:TestRunner@8b96fde]" name="runScenario" class="io.cucumber.testng.AbstractTestNGCucumberTests"/>
      </group> <!-- cucumber -->
    </groups>
    <test started-at="2021-10-10T19:25:01 MYT" name="Surefire test" finished-at="2021-10-10T19:26:13 MYT" duration-ms="72278">
      <class name="TestRunner">
        <test-method is-config="true" signature="setUpClass()[pri:0, instance:TestRunner@8b96fde]" started-at="2021-10-10T19:25:01 MYT" name="setUpClass" finished-at="2021-10-10T19:25:02 MYT" duration-ms="553" status="PASS">
          <reporter-output>
          </reporter-output>
        </test-method> <!-- setUpClass -->
        <test-method signature="runScenario(io.cucumber.testng.PickleWrapper, io.cucumber.testng.FeatureWrapper)[pri:0, instance:TestRunner@8b96fde]" started-at="2021-10-10T19:25:02 MYT" name="runScenario" description="Runs Cucumber Scenarios" data-provider="scenarios" finished-at="2021-10-10T19:25:05 MYT" duration-ms="3515" status="PASS">
          <params>
            <param index="0">
              <value>
                <![CDATA["User is able to get a resource"]]>
              </value>
            </param>
            <param index="1">
              <value>
                <![CDATA["Optional[Test Json Placeholder API's]"]]>
              </value>
            </param>
          </params>
          <reporter-output>
          </reporter-output>
        </test-method> <!-- runScenario -->
        <test-method signature="runScenario(io.cucumber.testng.PickleWrapper, io.cucumber.testng.FeatureWrapper)[pri:0, instance:TestRunner@8b96fde]" started-at="2021-10-10T19:25:05 MYT" name="runScenario" description="Runs Cucumber Scenarios" data-provider="scenarios" finished-at="2021-10-10T19:25:07 MYT" duration-ms="1690" status="PASS">
          <params>
            <param index="0">
              <value>
                <![CDATA["User is able to get all the resources"]]>
              </value>
            </param>
            <param index="1">
              <value>
                <![CDATA["Optional[Test Json Placeholder API's]"]]>
              </value>
            </param>
          </params>
          <reporter-output>
          </reporter-output>
        </test-method> <!-- runScenario -->
        <test-method signature="runScenario(io.cucumber.testng.PickleWrapper, io.cucumber.testng.FeatureWrapper)[pri:0, instance:TestRunner@8b96fde]" started-at="2021-10-10T19:25:07 MYT" name="runScenario" description="Runs Cucumber Scenarios" data-provider="scenarios" finished-at="2021-10-10T19:25:08 MYT" duration-ms="880" status="PASS">
          <params>
            <param index="0">
              <value>
                <![CDATA["User is able to create a resource"]]>
              </value>
            </param>
            <param index="1">
              <value>
                <![CDATA["Optional[Test Json Placeholder API's]"]]>
              </value>
            </param>
          </params>
          <reporter-output>
          </reporter-output>
        </test-method> <!-- runScenario -->
        <test-method signature="runScenario(io.cucumber.testng.PickleWrapper, io.cucumber.testng.FeatureWrapper)[pri:0, instance:TestRunner@8b96fde]" started-at="2021-10-10T19:25:08 MYT" name="runScenario" description="Runs Cucumber Scenarios" data-provider="scenarios" finished-at="2021-10-10T19:25:08 MYT" duration-ms="820" status="PASS">
          <params>
            <param index="0">
              <value>
                <![CDATA["User is able to update a resource"]]>
              </value>
            </param>
            <param index="1">
              <value>
                <![CDATA["Optional[Test Json Placeholder API's]"]]>
              </value>
            </param>
          </params>
          <reporter-output>
          </reporter-output>
        </test-method> <!-- runScenario -->
        <test-method signature="runScenario(io.cucumber.testng.PickleWrapper, io.cucumber.testng.FeatureWrapper)[pri:0, instance:TestRunner@8b96fde]" started-at="2021-10-10T19:25:08 MYT" name="runScenario" description="Runs Cucumber Scenarios" data-provider="scenarios" finished-at="2021-10-10T19:25:09 MYT" duration-ms="802" status="PASS">
          <params>
            <param index="0">
              <value>
                <![CDATA["User is able to patch a resource"]]>
              </value>
            </param>
            <param index="1">
              <value>
                <![CDATA["Optional[Test Json Placeholder API's]"]]>
              </value>
            </param>
          </params>
          <reporter-output>
          </reporter-output>
        </test-method> <!-- runScenario -->
        <test-method signature="runScenario(io.cucumber.testng.PickleWrapper, io.cucumber.testng.FeatureWrapper)[pri:0, instance:TestRunner@8b96fde]" started-at="2021-10-10T19:25:09 MYT" name="runScenario" description="Runs Cucumber Scenarios" data-provider="scenarios" finished-at="2021-10-10T19:25:10 MYT" duration-ms="739" status="PASS">
          <params>
            <param index="0">
              <value>
                <![CDATA["User is able to delete a resource"]]>
              </value>
            </param>
            <param index="1">
              <value>
                <![CDATA["Optional[Test Json Placeholder API's]"]]>
              </value>
            </param>
          </params>
          <reporter-output>
          </reporter-output>
        </test-method> <!-- runScenario -->
        <test-method signature="runScenario(io.cucumber.testng.PickleWrapper, io.cucumber.testng.FeatureWrapper)[pri:0, instance:TestRunner@8b96fde]" started-at="2021-10-10T19:25:10 MYT" name="runScenario" description="Runs Cucumber Scenarios" data-provider="scenarios" finished-at="2021-10-10T19:25:20 MYT" duration-ms="10150" status="PASS">
          <params>
            <param index="0">
              <value>
                <![CDATA["The User should be able to add tasks to the To Do list"]]>
              </value>
            </param>
            <param index="1">
              <value>
                <![CDATA["Optional[To do list]"]]>
              </value>
            </param>
          </params>
          <reporter-output>
          </reporter-output>
        </test-method> <!-- runScenario -->
        <test-method signature="runScenario(io.cucumber.testng.PickleWrapper, io.cucumber.testng.FeatureWrapper)[pri:0, instance:TestRunner@8b96fde]" started-at="2021-10-10T19:25:20 MYT" name="runScenario" description="Runs Cucumber Scenarios" data-provider="scenarios" finished-at="2021-10-10T19:25:28 MYT" duration-ms="7974" status="PASS">
          <params>
            <param index="0">
              <value>
                <![CDATA["The User should be able to complete a task"]]>
              </value>
            </param>
            <param index="1">
              <value>
                <![CDATA["Optional[To do list]"]]>
              </value>
            </param>
          </params>
          <reporter-output>
          </reporter-output>
        </test-method> <!-- runScenario -->
        <test-method signature="runScenario(io.cucumber.testng.PickleWrapper, io.cucumber.testng.FeatureWrapper)[pri:0, instance:TestRunner@8b96fde]" started-at="2021-10-10T19:25:28 MYT" name="runScenario" description="Runs Cucumber Scenarios" data-provider="scenarios" finished-at="2021-10-10T19:25:41 MYT" duration-ms="12648" status="PASS">
          <params>
            <param index="0">
              <value>
                <![CDATA["The User should be able to delete a task"]]>
              </value>
            </param>
            <param index="1">
              <value>
                <![CDATA["Optional[To do list]"]]>
              </value>
            </param>
          </params>
          <reporter-output>
          </reporter-output>
        </test-method> <!-- runScenario -->
        <test-method signature="runScenario(io.cucumber.testng.PickleWrapper, io.cucumber.testng.FeatureWrapper)[pri:0, instance:TestRunner@8b96fde]" started-at="2021-10-10T19:25:41 MYT" name="runScenario" description="Runs Cucumber Scenarios" data-provider="scenarios" finished-at="2021-10-10T19:25:48 MYT" duration-ms="7580" status="PASS">
          <params>
            <param index="0">
              <value>
                <![CDATA["The User should be able filter the task according to status"]]>
              </value>
            </param>
            <param index="1">
              <value>
                <![CDATA["Optional[To do list]"]]>
              </value>
            </param>
          </params>
          <reporter-output>
          </reporter-output>
        </test-method> <!-- runScenario -->
        <test-method signature="runScenario(io.cucumber.testng.PickleWrapper, io.cucumber.testng.FeatureWrapper)[pri:0, instance:TestRunner@8b96fde]" started-at="2021-10-10T19:25:48 MYT" name="runScenario" description="Runs Cucumber Scenarios" data-provider="scenarios" finished-at="2021-10-10T19:25:56 MYT" duration-ms="7853" status="PASS">
          <params>
            <param index="0">
              <value>
                <![CDATA["The User should be able to clear completed tasks from the list"]]>
              </value>
            </param>
            <param index="1">
              <value>
                <![CDATA["Optional[To do list]"]]>
              </value>
            </param>
          </params>
          <reporter-output>
          </reporter-output>
        </test-method> <!-- runScenario -->
        <test-method signature="runScenario(io.cucumber.testng.PickleWrapper, io.cucumber.testng.FeatureWrapper)[pri:0, instance:TestRunner@8b96fde]" started-at="2021-10-10T19:25:56 MYT" name="runScenario" description="Runs Cucumber Scenarios" data-provider="scenarios" finished-at="2021-10-10T19:26:04 MYT" duration-ms="7512" status="PASS">
          <params>
            <param index="0">
              <value>
                <![CDATA["The User should be able to edit a task"]]>
              </value>
            </param>
            <param index="1">
              <value>
                <![CDATA["Optional[To do list]"]]>
              </value>
            </param>
          </params>
          <reporter-output>
          </reporter-output>
        </test-method> <!-- runScenario -->
        <test-method signature="runScenario(io.cucumber.testng.PickleWrapper, io.cucumber.testng.FeatureWrapper)[pri:0, instance:TestRunner@8b96fde]" started-at="2021-10-10T19:26:04 MYT" name="runScenario" description="Runs Cucumber Scenarios" data-provider="scenarios" finished-at="2021-10-10T19:26:13 MYT" duration-ms="9158" status="PASS">
          <params>
            <param index="0">
              <value>
                <![CDATA["The User should be able to see all the required labels on home page"]]>
              </value>
            </param>
            <param index="1">
              <value>
                <![CDATA["Optional[To do list]"]]>
              </value>
            </param>
          </params>
          <reporter-output>
          </reporter-output>
        </test-method> <!-- runScenario -->
        <test-method is-config="true" signature="tearDownClass()[pri:0, instance:TestRunner@8b96fde]" started-at="2021-10-10T19:26:13 MYT" name="tearDownClass" finished-at="2021-10-10T19:26:13 MYT" duration-ms="348" status="PASS">
          <reporter-output>
          </reporter-output>
        </test-method> <!-- tearDownClass -->
      </class> <!-- TestRunner -->
    </test> <!-- Surefire test -->
  </suite> <!-- Surefire suite -->
</testng-results>
