<?xml version="1.0" encoding="UTF-8"?>
<testsuite xmlns:xsi="http://www.w3.org/2001/XMLSchema-instance" xsi:noNamespaceSchemaLocation="https://maven.apache.org/surefire/maven-surefire-plugin/xsd/surefire-test-report-3.0.xsd" version="3.0" name="TestRunner" time="73.006" tests="13" errors="0" skipped="0" failures="0">
  <properties>
[...]
</properties>
  <testcase name="runScenario[&quot;User is able to get a resource&quot;, &quot;Optional[Test Json Placeholder API&apos;s]&quot;](1)" classname="TestRunner" time="3.647">
    <system-out><![CDATA[
@API @JsonPlaceholder @TC_001
Scenario: User is able to get a resource                                                                                     # src/test/java/features/api/API_Tests.feature:7
  Given I set the base URI                                                                                                   # stepDef.API_Steps.i_set_the_base_URI()
  When I send the API request to get a resource                                                                              # stepDef.API_Steps.i_send_the_api_request_to_get_a_resource()
  Then I should get the response status as 200                                                                               # stepDef.API_Steps.i_should_get_the_response_status_as(int)
  And I should get  "userId" as "1" in response body                                                                         # stepDef.API_Steps.i_should_get_as_in_response_body(java.lang.String,java.lang.String)
  And I should get  "id" as "1" in response body                                                                             # stepDef.API_Steps.i_should_get_as_in_response_body(java.lang.String,java.lang.String)
  And I should get  "title" as "sunt aut facere repellat provident occaecati excepturi optio reprehenderit" in response body # stepDef.API_Steps.i_should_get_as_in_response_body(java.lang.String,java.lang.String)
  And I should get  "body" contains "quia et suscipit" in response body                                                      # stepDef.API_Steps.i_should_get_contains_in_response_body(java.lang.String,java.lang.String)
]]></system-out>
  </testcase>
  <testcase name="runScenario[&quot;User is able to get all the resources&quot;, &quot;Optional[Test Json Placeholder API&apos;s]&quot;](2)" classname="TestRunner" time="1.609">
    <system-out><![CDATA[
@API @JsonPlaceholder @TC_002
Scenario: User is able to get all the resources    # src/test/java/features/api/API_Tests.feature:17
  Given I set the base URI                         # stepDef.API_Steps.i_set_the_base_URI()
  When I send the API request to get all resources # stepDef.API_Steps.i_send_the_api_request_to_get_all_resources()
  Then I should get the response status as 200     # stepDef.API_Steps.i_should_get_the_response_status_as(int)
  And I should get 100 objects in response         # stepDef.API_Steps.i_should_get_objects_in_response(int)
]]></system-out>
  </testcase>
  <testcase name="runScenario[&quot;User is able to create a resource&quot;, &quot;Optional[Test Json Placeholder API&apos;s]&quot;](3)" classname="TestRunner" time="0.958">
    <system-out><![CDATA[
@API @JsonPlaceholder @TC_003
Scenario: User is able to create a resource                    # src/test/java/features/api/API_Tests.feature:23
  Given I set the base URI                                     # stepDef.API_Steps.i_set_the_base_URI()
  When I add "title, body" as "foo, bar" to request parameters # stepDef.API_Steps.i_add_as_to_request_parameters(java.lang.String,java.lang.String)
  When I add "userId" as 1 to request parameters               # stepDef.API_Steps.i_add_as_to_request_parameters(java.lang.String,int)
  And I send the API "post" request to create a resource       # stepDef.API_Steps.i_send_the_api_post_request_to_create_a_resource(java.lang.String)
  Then I should get the response status as 201                 # stepDef.API_Steps.i_should_get_the_response_status_as(int)
  And I should get  "userId" as "1" in response body           # stepDef.API_Steps.i_should_get_as_in_response_body(java.lang.String,java.lang.String)
  And I should get  "id" as "101" in response body             # stepDef.API_Steps.i_should_get_as_in_response_body(java.lang.String,java.lang.String)
  And I should get  "title" as "foo" in response body          # stepDef.API_Steps.i_should_get_as_in_response_body(java.lang.String,java.lang.String)
  And I should get  "body" contains "bar" in response body     # stepDef.API_Steps.i_should_get_contains_in_response_body(java.lang.String,java.lang.String)
]]></system-out>
  </testcase>
  <testcase name="runScenario[&quot;User is able to update a resource&quot;, &quot;Optional[Test Json Placeholder API&apos;s]&quot;](4)" classname="TestRunner" time="0.803">
    <system-out><![CDATA[
@API @JsonPlaceholder @TC_004
Scenario: User is able to update a resource                    # src/test/java/features/api/API_Tests.feature:34
  Given I set the base URI                                     # stepDef.API_Steps.i_set_the_base_URI()
  When I add "title, body" as "foo, bar" to request parameters # stepDef.API_Steps.i_add_as_to_request_parameters(java.lang.String,java.lang.String)
  When I add "userId" as 1 to request parameters               # stepDef.API_Steps.i_add_as_to_request_parameters(java.lang.String,int)
  When I add "id" as 1 to request parameters                   # stepDef.API_Steps.i_add_as_to_request_parameters(java.lang.String,int)
  And I send the API "put" request to update a resource        # stepDef.API_Steps.i_send_the_api_post_request_to_create_a_resource(java.lang.String)
  Then I should get the response status as 200                 # stepDef.API_Steps.i_should_get_the_response_status_as(int)
  And I should get  "userId" as "1" in response body           # stepDef.API_Steps.i_should_get_as_in_response_body(java.lang.String,java.lang.String)
  And I should get  "id" as "1" in response body               # stepDef.API_Steps.i_should_get_as_in_response_body(java.lang.String,java.lang.String)
  And I should get  "title" as "foo" in response body          # stepDef.API_Steps.i_should_get_as_in_response_body(java.lang.String,java.lang.String)
  And I should get  "body" contains "bar" in response body     # stepDef.API_Steps.i_should_get_contains_in_response_body(java.lang.String,java.lang.String)
]]></system-out>
  </testcase>
  <testcase name="runScenario[&quot;User is able to patch a resource&quot;, &quot;Optional[Test Json Placeholder API&apos;s]&quot;](5)" classname="TestRunner" time="0.773">
    <system-out><![CDATA[
@API @JsonPlaceholder @TC_005
Scenario: User is able to patch a resource               # src/test/java/features/api/API_Tests.feature:46
  Given I set the base URI                               # stepDef.API_Steps.i_set_the_base_URI()
  When I add "title" as "foo" to request parameters      # stepDef.API_Steps.i_add_as_to_request_parameters(java.lang.String,java.lang.String)
  And I send the API "patch" request to patch a resource # stepDef.API_Steps.i_send_the_api_post_request_to_create_a_resource(java.lang.String)
  Then I should get the response status as 200           # stepDef.API_Steps.i_should_get_the_response_status_as(int)
  And I should get  "userId" as "1" in response body     # stepDef.API_Steps.i_should_get_as_in_response_body(java.lang.String,java.lang.String)
  And I should get  "id" as "1" in response body         # stepDef.API_Steps.i_should_get_as_in_response_body(java.lang.String,java.lang.String)
  And I should get  "title" as "foo" in response body    # stepDef.API_Steps.i_should_get_as_in_response_body(java.lang.String,java.lang.String)
]]></system-out>
  </testcase>
  <testcase name="runScenario[&quot;User is able to delete a resource&quot;, &quot;Optional[Test Json Placeholder API&apos;s]&quot;](6)" classname="TestRunner" time="0.698">
    <system-out><![CDATA[
@API @JsonPlaceholder @TC_006
Scenario: User is able to delete a resource                 # src/test/java/features/api/API_Tests.feature:55
  Given I set the base URI                                  # stepDef.API_Steps.i_set_the_base_URI()
  When I send the API "delete" request to delete a resource # stepDef.API_Steps.i_send_the_api_post_request_to_create_a_resource(java.lang.String)
  Then I should get the response status as 200              # stepDef.API_Steps.i_should_get_the_response_status_as(int)
]]></system-out>
  </testcase>
  <testcase name="runScenario[&quot;The User should be able to add tasks to the To Do list&quot;, &quot;Optional[To do list]&quot;](7)" classname="TestRunner" time="10.216">
    <system-out><![CDATA[
@ToDo @TC_001
Scenario: The User should be able to add tasks to the To Do list # src/test/java/features/todo/ToDo_Tests.feature:7
  Given I am on To Do Home Page                                  # stepDef.ToDo_Steps.i_am_on_to_do_home_page()
  When I enter "Task 1" to ToDo list                             # stepDef.ToDo_Steps.i_enter_to_to_do_list(java.lang.String)
  Then I should see "Task 1" is added to ToDo list               # stepDef.ToDo_Steps.i_should_see_is_added_to_to_do_list(java.lang.String)
  When I enter "Task 2" to ToDo list                             # stepDef.ToDo_Steps.i_enter_to_to_do_list(java.lang.String)
  Then I should see "Task 2" is added to ToDo list               # stepDef.ToDo_Steps.i_should_see_is_added_to_to_do_list(java.lang.String)
  Then I should see total 2 items added to ToDo List             # stepDef.ToDo_Steps.i_should_see_total_items_added_to_to_do_list(java.lang.Integer)
  And I should see 2 items left is displayed in the list footer  # stepDef.ToDo_Steps.i_should_see_items_left_is_displayed_in_the_list_footer(java.lang.Integer)
]]></system-out>
    <system-err><![CDATA[ChromeDriver was started successfully.
Oct 10, 2021 7:25:12 PM org.openqa.selenium.remote.ProtocolHandshake createSession
INFO: Detected dialect: W3C
]]></system-err>
  </testcase>
  <testcase name="runScenario[&quot;The User should be able to complete a task&quot;, &quot;Optional[To do list]&quot;](8)" classname="TestRunner" time="7.94">
    <system-out><![CDATA[
@ToDo @TC_002
Scenario: The User should be able to complete a task      # src/test/java/features/todo/ToDo_Tests.feature:16
  Given I am on To Do Home Page                           # stepDef.ToDo_Steps.i_am_on_to_do_home_page()
  When I enter "Task 1" to ToDo list                      # stepDef.ToDo_Steps.i_enter_to_to_do_list(java.lang.String)
  Then I should see "Task 1" is added to ToDo list        # stepDef.ToDo_Steps.i_should_see_is_added_to_to_do_list(java.lang.String)
  When I complete the first task                          # stepDef.ToDo_Steps.i_complete_the_first_task()
  Then I should see the first task is marked as completed # stepDef.ToDo_Steps.i_should_see_the_first_task_is_marked_as_completed()
]]></system-out>
    <system-err><![CDATA[ChromeDriver was started successfully.
Oct 10, 2021 7:25:21 PM org.openqa.selenium.remote.ProtocolHandshake createSession
INFO: Detected dialect: W3C
]]></system-err>
  </testcase>
  <testcase name="runScenario[&quot;The User should be able to delete a task&quot;, &quot;Optional[To do list]&quot;](9)" classname="TestRunner" time="12.648">
    <system-out><![CDATA[
@ToDo @TC_003
Scenario: The User should be able to delete a task    # src/test/java/features/todo/ToDo_Tests.feature:23
  Given I am on To Do Home Page                       # stepDef.ToDo_Steps.i_am_on_to_do_home_page()
  When I enter "Task 1" to ToDo list                  # stepDef.ToDo_Steps.i_enter_to_to_do_list(java.lang.String)
  Then I should see "Task 1" is added to ToDo list    # stepDef.ToDo_Steps.i_should_see_is_added_to_to_do_list(java.lang.String)
  When I delete the task                              # stepDef.ToDo_Steps.i_delete_the_task()
  Then I should see the task is deleted from the list # stepDef.ToDo_Steps.i_should_see_the_task_is_deleted_from_the_list()
]]></system-out>
    <system-err><![CDATA[ChromeDriver was started successfully.
Oct 10, 2021 7:25:29 PM org.openqa.selenium.remote.ProtocolHandshake createSession
INFO: Detected dialect: W3C
]]></system-err>
  </testcase>
  <testcase name="runScenario[&quot;The User should be able filter the task according to status&quot;, &quot;Optional[To do list]&quot;](10)" classname="TestRunner" time="7.734">
    <system-out><![CDATA[
@ToDo @TC_004
Scenario: The User should be able filter the task according to status # src/test/java/features/todo/ToDo_Tests.feature:30
  Given I am on To Do Home Page                                       # stepDef.ToDo_Steps.i_am_on_to_do_home_page()
  When I enter "Task 1" to ToDo list                                  # stepDef.ToDo_Steps.i_enter_to_to_do_list(java.lang.String)
  Then I should see "Task 1" is added to ToDo list                    # stepDef.ToDo_Steps.i_should_see_is_added_to_to_do_list(java.lang.String)
  When I enter "Task 2" to ToDo list                                  # stepDef.ToDo_Steps.i_enter_to_to_do_list(java.lang.String)
  Then I should see "Task 2" is added to ToDo list                    # stepDef.ToDo_Steps.i_should_see_is_added_to_to_do_list(java.lang.String)
  When I enter "Task 3" to ToDo list                                  # stepDef.ToDo_Steps.i_enter_to_to_do_list(java.lang.String)
  Then I should see "Task 3" is added to ToDo list                    # stepDef.ToDo_Steps.i_should_see_is_added_to_to_do_list(java.lang.String)
  When I enter "Task 4" to ToDo list                                  # stepDef.ToDo_Steps.i_enter_to_to_do_list(java.lang.String)
  Then I should see "Task 4" is added to ToDo list                    # stepDef.ToDo_Steps.i_should_see_is_added_to_to_do_list(java.lang.String)
  Then I should see total 4 items in the ToDo List                    # stepDef.ToDo_Steps.i_should_see_total_items_added_to_to_do_list(java.lang.Integer)
  When I complete the first task                                      # stepDef.ToDo_Steps.i_complete_the_first_task()
  And I click on "Active" filter                                      # stepDef.ToDo_Steps.i_click_on_filter(java.lang.String)
  Then I should not see "Task 1" in the to do list                    # stepDef.ToDo_Steps.i_should_not_see_in_the_to_do_list(java.lang.String)
  And I should see total 3 items in the ToDo List                     # stepDef.ToDo_Steps.i_should_see_total_items_added_to_to_do_list(java.lang.Integer)
  When I click on "Completed" filter                                  # stepDef.ToDo_Steps.i_click_on_filter(java.lang.String)
  Then I should not see "Task 2" in the to do list                    # stepDef.ToDo_Steps.i_should_not_see_in_the_to_do_list(java.lang.String)
  And I should not see "Task 3" in the to do list                     # stepDef.ToDo_Steps.i_should_not_see_in_the_to_do_list(java.lang.String)
  And I should not see "Task 4" in the to do list                     # stepDef.ToDo_Steps.i_should_not_see_in_the_to_do_list(java.lang.String)
  And I should see total 1 items in the ToDo List                     # stepDef.ToDo_Steps.i_should_see_total_items_added_to_to_do_list(java.lang.Integer)
  When I click on "All" filter                                        # stepDef.ToDo_Steps.i_click_on_filter(java.lang.String)
  Then I should see total 4 items in the ToDo List                    # stepDef.ToDo_Steps.i_should_see_total_items_added_to_to_do_list(java.lang.Integer)
]]></system-out>
    <system-err><![CDATA[ChromeDriver was started successfully.
Oct 10, 2021 7:25:42 PM org.openqa.selenium.remote.ProtocolHandshake createSession
INFO: Detected dialect: W3C
]]></system-err>
  </testcase>
  <testcase name="runScenario[&quot;The User should be able to clear completed tasks from the list&quot;, &quot;Optional[To do list]&quot;](11)" classname="TestRunner" time="7.767">
    <system-out><![CDATA[
@ToDo @TC_005
Scenario: The User should be able to clear completed tasks from the list # src/test/java/features/todo/ToDo_Tests.feature:53
  Given I am on To Do Home Page                                          # stepDef.ToDo_Steps.i_am_on_to_do_home_page()
  When I enter "Task 1" to ToDo list                                     # stepDef.ToDo_Steps.i_enter_to_to_do_list(java.lang.String)
  Then I should see "Task 1" is added to ToDo list                       # stepDef.ToDo_Steps.i_should_see_is_added_to_to_do_list(java.lang.String)
  When I enter "Task 2" to ToDo list                                     # stepDef.ToDo_Steps.i_enter_to_to_do_list(java.lang.String)
  Then I should see "Task 2" is added to ToDo list                       # stepDef.ToDo_Steps.i_should_see_is_added_to_to_do_list(java.lang.String)
  When I enter "Task 3" to ToDo list                                     # stepDef.ToDo_Steps.i_enter_to_to_do_list(java.lang.String)
  Then I should see "Task 3" is added to ToDo list                       # stepDef.ToDo_Steps.i_should_see_is_added_to_to_do_list(java.lang.String)
  Then I should see total 3 items in the ToDo List                       # stepDef.ToDo_Steps.i_should_see_total_items_added_to_to_do_list(java.lang.Integer)
  When I complete the first task                                         # stepDef.ToDo_Steps.i_complete_the_first_task()
  And I click on Clear completed link                                    # stepDef.ToDo_Steps.i_click_on_clear_completed_link()
  Then I should see total 2 items in the ToDo List                       # stepDef.ToDo_Steps.i_should_see_total_items_added_to_to_do_list(java.lang.Integer)
]]></system-out>
    <system-err><![CDATA[ChromeDriver was started successfully.
Oct 10, 2021 7:25:50 PM org.openqa.selenium.remote.ProtocolHandshake createSession
INFO: Detected dialect: W3C
]]></system-err>
  </testcase>
  <testcase name="runScenario[&quot;The User should be able to edit a task&quot;, &quot;Optional[To do list]&quot;](12)" classname="TestRunner" time="7.452">
    <system-out><![CDATA[
@ToDo @TC_006
Scenario: The User should be able to edit a task               # src/test/java/features/todo/ToDo_Tests.feature:66
  Given I am on To Do Home Page                                # stepDef.ToDo_Steps.i_am_on_to_do_home_page()
  When I enter "Task 1" to ToDo list                           # stepDef.ToDo_Steps.i_enter_to_to_do_list(java.lang.String)
  Then I should see "Task 1" is added to ToDo list             # stepDef.ToDo_Steps.i_should_see_is_added_to_to_do_list(java.lang.String)
  When I edit the task to "Updated Task 1"                     # stepDef.ToDo_Steps.i_edit_the_task(java.lang.String)
  Then I should see "Updated Task 1" is displayed in ToDo list # stepDef.ToDo_Steps.i_should_see_is_added_to_to_do_list(java.lang.String)
]]></system-out>
    <system-err><![CDATA[ChromeDriver was started successfully.
Oct 10, 2021 7:25:58 PM org.openqa.selenium.remote.ProtocolHandshake createSession
INFO: Detected dialect: W3C
]]></system-err>
  </testcase>
  <testcase name="runScenario[&quot;The User should be able to see all the required labels on home page&quot;, &quot;Optional[To do list]&quot;](13)" classname="TestRunner" time="9.176">
    <system-out><![CDATA[
@ToDo @TC_007
Scenario: The User should be able to see all the required labels on home page # src/test/java/features/todo/ToDo_Tests.feature:74
  Given I am on To Do Home Page                                               # stepDef.ToDo_Steps.i_am_on_to_do_home_page()
  Then I should see todos heading on the top of the page                      # stepDef.ToDo_Steps.i_should_see_todos_heading_on_the_top_of_the_page()
  And I should see a textbox with "What needs to be done?" placeholder        # stepDef.ToDo_Steps.i_should_see_a_textbox_with_placeholder(java.lang.String)
  And I should see instructions "Double-click to edit a todo" in footer       # stepDef.ToDo_Steps.i_should_see_instructions(java.lang.String)
  And I should see info "Created by petehunt" in footer                       # stepDef.ToDo_Steps.i_should_see_instructions(java.lang.String)
  And I should see info "Part of TodoMVC" in footer                           # stepDef.ToDo_Steps.i_should_see_instructions(java.lang.String)
]]></system-out>
    <system-err><![CDATA[ChromeDriver was started successfully.
Oct 10, 2021 7:26:05 PM org.openqa.selenium.remote.ProtocolHandshake createSession
INFO: Detected dialect: W3C
]]></system-err>
  </testcase>
</testsuite>