<?xml version="1.0" encoding="UTF-8"?>
<testsuite xmlns:xsi="http://www.w3.org/2001/XMLSchema-instance" xsi:noNamespaceSchemaLocation="https://maven.apache.org/surefire/maven-surefire-plugin/xsd/surefire-test-report-3.0.xsd" version="3.0" name="TestRunner" time="25.588" tests="2" errors="0" skipped="0" failures="1">
  <properties>
[...]
</properties>
  <testcase name="runScenario[&quot;Add a user and validate the user has been added to the table&quot;, &quot;Optional[To do list]&quot;](1)" classname="TestRunner" time="11.974">
    <failure message="The step &apos;I enter  &quot;email&quot; as &quot;Strange.test@testmail.com&quot;&apos; is undefined.&#10;You can implement this step using the snippet(s) below:&#10;&#10;@When(&quot;I enter  {string} as {string}&quot;)&#10;public void i_enter_as(String string, String string2) {&#10;    // Write code here that turns the phrase above into concrete actions&#10;    throw new io.cucumber.java.PendingException();&#10;}&#10;" type="io.cucumber.testng.UndefinedStepException"><![CDATA[io.cucumber.testng.UndefinedStepException: 
The step 'I enter  "email" as "Strange.test@testmail.com"' is undefined.
You can implement this step using the snippet(s) below:

@When("I enter  {string} as {string}")
public void i_enter_as(String string, String string2) {
    // Write code here that turns the phrase above into concrete actions
    throw new io.cucumber.java.PendingException();
}

]]></failure>
    <system-out><![CDATA[
@ProtractorPractice @AddUser @TC_001
Scenario: Add a user and validate the user has been added to the table               # src/test/java/features/todo/Tests.feature:7
  Given I am on Protractor Practice website home page                                # stepDef.StepDef.i_am_on_protractor_practice_website_home_page()
  When I click on "Add User" Button                                                  # stepDef.StepDef.i_click_on_button(java.lang.String)
  And I enter "First Name" as "TestFirst"                                            # stepDef.StepDef.i_enter_as(java.lang.String,java.lang.String)
  And I enter "Last Name" as "TestLast"                                              # stepDef.StepDef.i_enter_as(java.lang.String,java.lang.String)
  And I enter "User Name" as "TestUser"                                              # stepDef.StepDef.i_enter_as(java.lang.String,java.lang.String)
  And I enter "Password" as "Test1234"                                               # stepDef.StepDef.i_enter_as(java.lang.String,java.lang.String)
  And I select "company AAA" radio button                                            # stepDef.StepDef.i_select(java.lang.String)
  And I select role as "Admin"                                                       # stepDef.StepDef.i_select_role_as(java.lang.String)
  And I enter  "email" as "Strange.test@testmail.com"                                # null
  And I enter "Cell Phone" as "9876543210"                                           # stepDef.StepDef.i_enter_as(java.lang.String,java.lang.String)
  And I click on "Save" Button                                                       # stepDef.StepDef.i_click_on_button(java.lang.String)
  Then I should see user with "Strange.test@testmail.com" email is added to the list # stepDef.StepDef.i_should_be_able_to_see_the_new_user_added_to_the_list(java.lang.String)
]]></system-out>
    <system-err><![CDATA[ChromeDriver was started successfully.
Dec 10, 2021 1:34:43 AM org.openqa.selenium.remote.ProtocolHandshake createSession
INFO: Detected dialect: W3C
]]></system-err>
  </testcase>
  <testcase name="runScenario[&quot;Delete user User Name: novak and validate user has been delete&quot;, &quot;Optional[To do list]&quot;](2)" classname="TestRunner" time="11.203">
    <system-out><![CDATA[
@ProtractorPractice @TC_002 @DeleteUser
Scenario: Delete user User Name: novak and validate user has been delete # src/test/java/features/todo/Tests.feature:21
  Given I am on Protractor Practice website home page                    # stepDef.StepDef.i_am_on_protractor_practice_website_home_page()
  When I delete user with name "novak"                                   # stepDef.StepDef.i_delete_user_with_name(java.lang.String)
  And I click ok on confirmation pup up                                  # stepDef.StepDef.i_click_ok_on_confirmation_pup_up()
  Then I do not see "novak" in the user list                             # stepDef.StepDef.i_do_not_see_in_the_user_list(java.lang.String)
]]></system-out>
    <system-err><![CDATA[ChromeDriver was started successfully.
Dec 10, 2021 1:34:50 AM org.openqa.selenium.remote.ProtocolHandshake createSession
INFO: Detected dialect: W3C
]]></system-err>
  </testcase>
</testsuite>